[2022-10-07 17:22:15,941] werkzeug - WARNING -  * Debugger is active!
[2022-10-07 17:22:15,954] werkzeug - INFO -  * Debugger PIN: 565-558-316
[2022-10-07 17:22:16,509] werkzeug - INFO - 127.0.0.1 - - [07/Oct/2022 17:22:16] "GET / HTTP/1.1" 200 -
[2022-10-07 17:22:16,988] werkzeug - INFO - 127.0.0.1 - - [07/Oct/2022 17:22:16] "[36mGET /static/4.png HTTP/1.1[0m" 304 -
[2022-10-07 17:22:16,989] werkzeug - INFO - 127.0.0.1 - - [07/Oct/2022 17:22:16] "[36mGET /static/5.jpg HTTP/1.1[0m" 304 -
[2022-10-07 17:22:16,991] werkzeug - INFO - 127.0.0.1 - - [07/Oct/2022 17:22:16] "[36mGET /static/3.jpg HTTP/1.1[0m" 304 -
[2022-10-07 17:22:21,914] PIL.PngImagePlugin - DEBUG - STREAM b'IHDR' 16 13
[2022-10-07 17:22:21,914] PIL.PngImagePlugin - DEBUG - STREAM b'IDAT' 41 8192
[2022-10-07 17:22:27,763] fvcore.common.checkpoint - INFO - [Checkpointer] Loading from output\model_final.pth ...
[2022-10-07 17:22:28,040] detectron2.checkpoint.c2_model_loading - INFO - Following weights matched with model:
| Names in Model                                  | Names in Checkpoint                                                                                  | Shapes                                          |
|:------------------------------------------------|:-----------------------------------------------------------------------------------------------------|:------------------------------------------------|
| backbone.bottom_up.res2.0.conv1.*               | backbone.bottom_up.res2.0.conv1.{norm.bias,norm.running_mean,norm.running_var,norm.weight,weight}    | (64,) (64,) (64,) (64,) (64,64,1,1)             |
| backbone.bottom_up.res2.0.conv2.*               | backbone.bottom_up.res2.0.conv2.{norm.bias,norm.running_mean,norm.running_var,norm.weight,weight}    | (64,) (64,) (64,) (64,) (64,64,3,3)             |
| backbone.bottom_up.res2.0.conv3.*               | backbone.bottom_up.res2.0.conv3.{norm.bias,norm.running_mean,norm.running_var,norm.weight,weight}    | (256,) (256,) (256,) (256,) (256,64,1,1)        |
| backbone.bottom_up.res2.0.shortcut.*            | backbone.bottom_up.res2.0.shortcut.{norm.bias,norm.running_mean,norm.running_var,norm.weight,weight} | (256,) (256,) (256,) (256,) (256,64,1,1)        |
| backbone.bottom_up.res2.1.conv1.*               | backbone.bottom_up.res2.1.conv1.{norm.bias,norm.running_mean,norm.running_var,norm.weight,weight}    | (64,) (64,) (64,) (64,) (64,256,1,1)            |
| backbone.bottom_up.res2.1.conv2.*               | backbone.bottom_up.res2.1.conv2.{norm.bias,norm.running_mean,norm.running_var,norm.weight,weight}    | (64,) (64,) (64,) (64,) (64,64,3,3)             |
| backbone.bottom_up.res2.1.conv3.*               | backbone.bottom_up.res2.1.conv3.{norm.bias,norm.running_mean,norm.running_var,norm.weight,weight}    | (256,) (256,) (256,) (256,) (256,64,1,1)        |
| backbone.bottom_up.res2.2.conv1.*               | backbone.bottom_up.res2.2.conv1.{norm.bias,norm.running_mean,norm.running_var,norm.weight,weight}    | (64,) (64,) (64,) (64,) (64,256,1,1)            |
| backbone.bottom_up.res2.2.conv2.*               | backbone.bottom_up.res2.2.conv2.{norm.bias,norm.running_mean,norm.running_var,norm.weight,weight}    | (64,) (64,) (64,) (64,) (64,64,3,3)             |
| backbone.bottom_up.res2.2.conv3.*               | backbone.bottom_up.res2.2.conv3.{norm.bias,norm.running_mean,norm.running_var,norm.weight,weight}    | (256,) (256,) (256,) (256,) (256,64,1,1)        |
| backbone.bottom_up.res3.0.conv1.*               | backbone.bottom_up.res3.0.conv1.{norm.bias,norm.running_mean,norm.running_var,norm.weight,weight}    | (128,) (128,) (128,) (128,) (128,256,1,1)       |
| backbone.bottom_up.res3.0.conv2.*               | backbone.bottom_up.res3.0.conv2.{norm.bias,norm.running_mean,norm.running_var,norm.weight,weight}    | (128,) (128,) (128,) (128,) (128,128,3,3)       |
| backbone.bottom_up.res3.0.conv3.*               | backbone.bottom_up.res3.0.conv3.{norm.bias,norm.running_mean,norm.running_var,norm.weight,weight}    | (512,) (512,) (512,) (512,) (512,128,1,1)       |
| backbone.bottom_up.res3.0.shortcut.*            | backbone.bottom_up.res3.0.shortcut.{norm.bias,norm.running_mean,norm.running_var,norm.weight,weight} | (512,) (512,) (512,) (512,) (512,256,1,1)       |
| backbone.bottom_up.res3.1.conv1.*               | backbone.bottom_up.res3.1.conv1.{norm.bias,norm.running_mean,norm.running_var,norm.weight,weight}    | (128,) (128,) (128,) (128,) (128,512,1,1)       |
| backbone.bottom_up.res3.1.conv2.*               | backbone.bottom_up.res3.1.conv2.{norm.bias,norm.running_mean,norm.running_var,norm.weight,weight}    | (128,) (128,) (128,) (128,) (128,128,3,3)       |
| backbone.bottom_up.res3.1.conv3.*               | backbone.bottom_up.res3.1.conv3.{norm.bias,norm.running_mean,norm.running_var,norm.weight,weight}    | (512,) (512,) (512,) (512,) (512,128,1,1)       |
| backbone.bottom_up.res3.2.conv1.*               | backbone.bottom_up.res3.2.conv1.{norm.bias,norm.running_mean,norm.running_var,norm.weight,weight}    | (128,) (128,) (128,) (128,) (128,512,1,1)       |
| backbone.bottom_up.res3.2.conv2.*               | backbone.bottom_up.res3.2.conv2.{norm.bias,norm.running_mean,norm.running_var,norm.weight,weight}    | (128,) (128,) (128,) (128,) (128,128,3,3)       |
| backbone.bottom_up.res3.2.conv3.*               | backbone.bottom_up.res3.2.conv3.{norm.bias,norm.running_mean,norm.running_var,norm.weight,weight}    | (512,) (512,) (512,) (512,) (512,128,1,1)       |
| backbone.bottom_up.res3.3.conv1.*               | backbone.bottom_up.res3.3.conv1.{norm.bias,norm.running_mean,norm.running_var,norm.weight,weight}    | (128,) (128,) (128,) (128,) (128,512,1,1)       |
| backbone.bottom_up.res3.3.conv2.*               | backbone.bottom_up.res3.3.conv2.{norm.bias,norm.running_mean,norm.running_var,norm.weight,weight}    | (128,) (128,) (128,) (128,) (128,128,3,3)       |
| backbone.bottom_up.res3.3.conv3.*               | backbone.bottom_up.res3.3.conv3.{norm.bias,norm.running_mean,norm.running_var,norm.weight,weight}    | (512,) (512,) (512,) (512,) (512,128,1,1)       |
| backbone.bottom_up.res4.0.conv1.*               | backbone.bottom_up.res4.0.conv1.{norm.bias,norm.running_mean,norm.running_var,norm.weight,weight}    | (256,) (256,) (256,) (256,) (256,512,1,1)       |
| backbone.bottom_up.res4.0.conv2.*               | backbone.bottom_up.res4.0.conv2.{norm.bias,norm.running_mean,norm.running_var,norm.weight,weight}    | (256,) (256,) (256,) (256,) (256,256,3,3)       |
| backbone.bottom_up.res4.0.conv3.*               | backbone.bottom_up.res4.0.conv3.{norm.bias,norm.running_mean,norm.running_var,norm.weight,weight}    | (1024,) (1024,) (1024,) (1024,) (1024,256,1,1)  |
| backbone.bottom_up.res4.0.shortcut.*            | backbone.bottom_up.res4.0.shortcut.{norm.bias,norm.running_mean,norm.running_var,norm.weight,weight} | (1024,) (1024,) (1024,) (1024,) (1024,512,1,1)  |
| backbone.bottom_up.res4.1.conv1.*               | backbone.bottom_up.res4.1.conv1.{norm.bias,norm.running_mean,norm.running_var,norm.weight,weight}    | (256,) (256,) (256,) (256,) (256,1024,1,1)      |
| backbone.bottom_up.res4.1.conv2.*               | backbone.bottom_up.res4.1.conv2.{norm.bias,norm.running_mean,norm.running_var,norm.weight,weight}    | (256,) (256,) (256,) (256,) (256,256,3,3)       |
| backbone.bottom_up.res4.1.conv3.*               | backbone.bottom_up.res4.1.conv3.{norm.bias,norm.running_mean,norm.running_var,norm.weight,weight}    | (1024,) (1024,) (1024,) (1024,) (1024,256,1,1)  |
| backbone.bottom_up.res4.2.conv1.*               | backbone.bottom_up.res4.2.conv1.{norm.bias,norm.running_mean,norm.running_var,norm.weight,weight}    | (256,) (256,) (256,) (256,) (256,1024,1,1)      |
| backbone.bottom_up.res4.2.conv2.*               | backbone.bottom_up.res4.2.conv2.{norm.bias,norm.running_mean,norm.running_var,norm.weight,weight}    | (256,) (256,) (256,) (256,) (256,256,3,3)       |
| backbone.bottom_up.res4.2.conv3.*               | backbone.bottom_up.res4.2.conv3.{norm.bias,norm.running_mean,norm.running_var,norm.weight,weight}    | (1024,) (1024,) (1024,) (1024,) (1024,256,1,1)  |
| backbone.bottom_up.res4.3.conv1.*               | backbone.bottom_up.res4.3.conv1.{norm.bias,norm.running_mean,norm.running_var,norm.weight,weight}    | (256,) (256,) (256,) (256,) (256,1024,1,1)      |
| backbone.bottom_up.res4.3.conv2.*               | backbone.bottom_up.res4.3.conv2.{norm.bias,norm.running_mean,norm.running_var,norm.weight,weight}    | (256,) (256,) (256,) (256,) (256,256,3,3)       |
| backbone.bottom_up.res4.3.conv3.*               | backbone.bottom_up.res4.3.conv3.{norm.bias,norm.running_mean,norm.running_var,norm.weight,weight}    | (1024,) (1024,) (1024,) (1024,) (1024,256,1,1)  |
| backbone.bottom_up.res4.4.conv1.*               | backbone.bottom_up.res4.4.conv1.{norm.bias,norm.running_mean,norm.running_var,norm.weight,weight}    | (256,) (256,) (256,) (256,) (256,1024,1,1)      |
| backbone.bottom_up.res4.4.conv2.*               | backbone.bottom_up.res4.4.conv2.{norm.bias,norm.running_mean,norm.running_var,norm.weight,weight}    | (256,) (256,) (256,) (256,) (256,256,3,3)       |
| backbone.bottom_up.res4.4.conv3.*               | backbone.bottom_up.res4.4.conv3.{norm.bias,norm.running_mean,norm.running_var,norm.weight,weight}    | (1024,) (1024,) (1024,) (1024,) (1024,256,1,1)  |
| backbone.bottom_up.res4.5.conv1.*               | backbone.bottom_up.res4.5.conv1.{norm.bias,norm.running_mean,norm.running_var,norm.weight,weight}    | (256,) (256,) (256,) (256,) (256,1024,1,1)      |
| backbone.bottom_up.res4.5.conv2.*               | backbone.bottom_up.res4.5.conv2.{norm.bias,norm.running_mean,norm.running_var,norm.weight,weight}    | (256,) (256,) (256,) (256,) (256,256,3,3)       |
| backbone.bottom_up.res4.5.conv3.*               | backbone.bottom_up.res4.5.conv3.{norm.bias,norm.running_mean,norm.running_var,norm.weight,weight}    | (1024,) (1024,) (1024,) (1024,) (1024,256,1,1)  |
| backbone.bottom_up.res5.0.conv1.*               | backbone.bottom_up.res5.0.conv1.{norm.bias,norm.running_mean,norm.running_var,norm.weight,weight}    | (512,) (512,) (512,) (512,) (512,1024,1,1)      |
| backbone.bottom_up.res5.0.conv2.*               | backbone.bottom_up.res5.0.conv2.{norm.bias,norm.running_mean,norm.running_var,norm.weight,weight}    | (512,) (512,) (512,) (512,) (512,512,3,3)       |
| backbone.bottom_up.res5.0.conv3.*               | backbone.bottom_up.res5.0.conv3.{norm.bias,norm.running_mean,norm.running_var,norm.weight,weight}    | (2048,) (2048,) (2048,) (2048,) (2048,512,1,1)  |
| backbone.bottom_up.res5.0.shortcut.*            | backbone.bottom_up.res5.0.shortcut.{norm.bias,norm.running_mean,norm.running_var,norm.weight,weight} | (2048,) (2048,) (2048,) (2048,) (2048,1024,1,1) |
| backbone.bottom_up.res5.1.conv1.*               | backbone.bottom_up.res5.1.conv1.{norm.bias,norm.running_mean,norm.running_var,norm.weight,weight}    | (512,) (512,) (512,) (512,) (512,2048,1,1)      |
| backbone.bottom_up.res5.1.conv2.*               | backbone.bottom_up.res5.1.conv2.{norm.bias,norm.running_mean,norm.running_var,norm.weight,weight}    | (512,) (512,) (512,) (512,) (512,512,3,3)       |
| backbone.bottom_up.res5.1.conv3.*               | backbone.bottom_up.res5.1.conv3.{norm.bias,norm.running_mean,norm.running_var,norm.weight,weight}    | (2048,) (2048,) (2048,) (2048,) (2048,512,1,1)  |
| backbone.bottom_up.res5.2.conv1.*               | backbone.bottom_up.res5.2.conv1.{norm.bias,norm.running_mean,norm.running_var,norm.weight,weight}    | (512,) (512,) (512,) (512,) (512,2048,1,1)      |
| backbone.bottom_up.res5.2.conv2.*               | backbone.bottom_up.res5.2.conv2.{norm.bias,norm.running_mean,norm.running_var,norm.weight,weight}    | (512,) (512,) (512,) (512,) (512,512,3,3)       |
| backbone.bottom_up.res5.2.conv3.*               | backbone.bottom_up.res5.2.conv3.{norm.bias,norm.running_mean,norm.running_var,norm.weight,weight}    | (2048,) (2048,) (2048,) (2048,) (2048,512,1,1)  |
| backbone.bottom_up.stem.conv1.*                 | backbone.bottom_up.stem.conv1.{norm.bias,norm.running_mean,norm.running_var,norm.weight,weight}      | (64,) (64,) (64,) (64,) (64,3,7,7)              |
| backbone.fpn_lateral2.*                         | backbone.fpn_lateral2.{bias,weight}                                                                  | (256,) (256,256,1,1)                            |
| backbone.fpn_lateral3.*                         | backbone.fpn_lateral3.{bias,weight}                                                                  | (256,) (256,512,1,1)                            |
| backbone.fpn_lateral4.*                         | backbone.fpn_lateral4.{bias,weight}                                                                  | (256,) (256,1024,1,1)                           |
| backbone.fpn_lateral5.*                         | backbone.fpn_lateral5.{bias,weight}                                                                  | (256,) (256,2048,1,1)                           |
| backbone.fpn_output2.*                          | backbone.fpn_output2.{bias,weight}                                                                   | (256,) (256,256,3,3)                            |
| backbone.fpn_output3.*                          | backbone.fpn_output3.{bias,weight}                                                                   | (256,) (256,256,3,3)                            |
| backbone.fpn_output4.*                          | backbone.fpn_output4.{bias,weight}                                                                   | (256,) (256,256,3,3)                            |
| backbone.fpn_output5.*                          | backbone.fpn_output5.{bias,weight}                                                                   | (256,) (256,256,3,3)                            |
| proposal_generator.rpn_head.anchor_deltas.*     | proposal_generator.rpn_head.anchor_deltas.{bias,weight}                                              | (12,) (12,256,1,1)                              |
| proposal_generator.rpn_head.conv.*              | proposal_generator.rpn_head.conv.{bias,weight}                                                       | (256,) (256,256,3,3)                            |
| proposal_generator.rpn_head.objectness_logits.* | proposal_generator.rpn_head.objectness_logits.{bias,weight}                                          | (3,) (3,256,1,1)                                |
| roi_heads.box_head.fc1.*                        | roi_heads.box_head.fc1.{bias,weight}                                                                 | (1024,) (1024,12544)                            |
| roi_heads.box_head.fc2.*                        | roi_heads.box_head.fc2.{bias,weight}                                                                 | (1024,) (1024,1024)                             |
| roi_heads.box_predictor.bbox_pred.*             | roi_heads.box_predictor.bbox_pred.{bias,weight}                                                      | (48,) (48,1024)                                 |
| roi_heads.box_predictor.cls_score.*             | roi_heads.box_predictor.cls_score.{bias,weight}                                                      | (13,) (13,1024)                                 |
[2022-10-07 17:22:31,482] root - INFO - Text Detection and conversion stage begins here
