[2022-10-07 15:15:31,282] werkzeug - WARNING -  * Debugger is active!
[2022-10-07 15:15:31,295] werkzeug - INFO -  * Debugger PIN: 565-558-316
[2022-10-07 15:15:31,871] PIL.PngImagePlugin - DEBUG - STREAM b'IHDR' 16 13
[2022-10-07 15:15:31,871] PIL.PngImagePlugin - DEBUG - STREAM b'IDAT' 41 8192
[2022-10-07 15:15:40,511] fvcore.common.checkpoint - INFO - [Checkpointer] Loading from output\model_final.pth ...
[2022-10-07 15:15:40,878] detectron2.checkpoint.c2_model_loading - INFO - Following weights matched with model:
| Names in Model                                  | Names in Checkpoint                                                                                  | Shapes                                          |
|:------------------------------------------------|:-----------------------------------------------------------------------------------------------------|:------------------------------------------------|
| backbone.bottom_up.res2.0.conv1.*               | backbone.bottom_up.res2.0.conv1.{norm.bias,norm.running_mean,norm.running_var,norm.weight,weight}    | (64,) (64,) (64,) (64,) (64,64,1,1)             |
| backbone.bottom_up.res2.0.conv2.*               | backbone.bottom_up.res2.0.conv2.{norm.bias,norm.running_mean,norm.running_var,norm.weight,weight}    | (64,) (64,) (64,) (64,) (64,64,3,3)             |
| backbone.bottom_up.res2.0.conv3.*               | backbone.bottom_up.res2.0.conv3.{norm.bias,norm.running_mean,norm.running_var,norm.weight,weight}    | (256,) (256,) (256,) (256,) (256,64,1,1)        |
| backbone.bottom_up.res2.0.shortcut.*            | backbone.bottom_up.res2.0.shortcut.{norm.bias,norm.running_mean,norm.running_var,norm.weight,weight} | (256,) (256,) (256,) (256,) (256,64,1,1)        |
| backbone.bottom_up.res2.1.conv1.*               | backbone.bottom_up.res2.1.conv1.{norm.bias,norm.running_mean,norm.running_var,norm.weight,weight}    | (64,) (64,) (64,) (64,) (64,256,1,1)            |
| backbone.bottom_up.res2.1.conv2.*               | backbone.bottom_up.res2.1.conv2.{norm.bias,norm.running_mean,norm.running_var,norm.weight,weight}    | (64,) (64,) (64,) (64,) (64,64,3,3)             |
| backbone.bottom_up.res2.1.conv3.*               | backbone.bottom_up.res2.1.conv3.{norm.bias,norm.running_mean,norm.running_var,norm.weight,weight}    | (256,) (256,) (256,) (256,) (256,64,1,1)        |
| backbone.bottom_up.res2.2.conv1.*               | backbone.bottom_up.res2.2.conv1.{norm.bias,norm.running_mean,norm.running_var,norm.weight,weight}    | (64,) (64,) (64,) (64,) (64,256,1,1)            |
| backbone.bottom_up.res2.2.conv2.*               | backbone.bottom_up.res2.2.conv2.{norm.bias,norm.running_mean,norm.running_var,norm.weight,weight}    | (64,) (64,) (64,) (64,) (64,64,3,3)             |
| backbone.bottom_up.res2.2.conv3.*               | backbone.bottom_up.res2.2.conv3.{norm.bias,norm.running_mean,norm.running_var,norm.weight,weight}    | (256,) (256,) (256,) (256,) (256,64,1,1)        |
| backbone.bottom_up.res3.0.conv1.*               | backbone.bottom_up.res3.0.conv1.{norm.bias,norm.running_mean,norm.running_var,norm.weight,weight}    | (128,) (128,) (128,) (128,) (128,256,1,1)       |
| backbone.bottom_up.res3.0.conv2.*               | backbone.bottom_up.res3.0.conv2.{norm.bias,norm.running_mean,norm.running_var,norm.weight,weight}    | (128,) (128,) (128,) (128,) (128,128,3,3)       |
| backbone.bottom_up.res3.0.conv3.*               | backbone.bottom_up.res3.0.conv3.{norm.bias,norm.running_mean,norm.running_var,norm.weight,weight}    | (512,) (512,) (512,) (512,) (512,128,1,1)       |
| backbone.bottom_up.res3.0.shortcut.*            | backbone.bottom_up.res3.0.shortcut.{norm.bias,norm.running_mean,norm.running_var,norm.weight,weight} | (512,) (512,) (512,) (512,) (512,256,1,1)       |
| backbone.bottom_up.res3.1.conv1.*               | backbone.bottom_up.res3.1.conv1.{norm.bias,norm.running_mean,norm.running_var,norm.weight,weight}    | (128,) (128,) (128,) (128,) (128,512,1,1)       |
| backbone.bottom_up.res3.1.conv2.*               | backbone.bottom_up.res3.1.conv2.{norm.bias,norm.running_mean,norm.running_var,norm.weight,weight}    | (128,) (128,) (128,) (128,) (128,128,3,3)       |
| backbone.bottom_up.res3.1.conv3.*               | backbone.bottom_up.res3.1.conv3.{norm.bias,norm.running_mean,norm.running_var,norm.weight,weight}    | (512,) (512,) (512,) (512,) (512,128,1,1)       |
| backbone.bottom_up.res3.2.conv1.*               | backbone.bottom_up.res3.2.conv1.{norm.bias,norm.running_mean,norm.running_var,norm.weight,weight}    | (128,) (128,) (128,) (128,) (128,512,1,1)       |
| backbone.bottom_up.res3.2.conv2.*               | backbone.bottom_up.res3.2.conv2.{norm.bias,norm.running_mean,norm.running_var,norm.weight,weight}    | (128,) (128,) (128,) (128,) (128,128,3,3)       |
| backbone.bottom_up.res3.2.conv3.*               | backbone.bottom_up.res3.2.conv3.{norm.bias,norm.running_mean,norm.running_var,norm.weight,weight}    | (512,) (512,) (512,) (512,) (512,128,1,1)       |
| backbone.bottom_up.res3.3.conv1.*               | backbone.bottom_up.res3.3.conv1.{norm.bias,norm.running_mean,norm.running_var,norm.weight,weight}    | (128,) (128,) (128,) (128,) (128,512,1,1)       |
| backbone.bottom_up.res3.3.conv2.*               | backbone.bottom_up.res3.3.conv2.{norm.bias,norm.running_mean,norm.running_var,norm.weight,weight}    | (128,) (128,) (128,) (128,) (128,128,3,3)       |
| backbone.bottom_up.res3.3.conv3.*               | backbone.bottom_up.res3.3.conv3.{norm.bias,norm.running_mean,norm.running_var,norm.weight,weight}    | (512,) (512,) (512,) (512,) (512,128,1,1)       |
| backbone.bottom_up.res4.0.conv1.*               | backbone.bottom_up.res4.0.conv1.{norm.bias,norm.running_mean,norm.running_var,norm.weight,weight}    | (256,) (256,) (256,) (256,) (256,512,1,1)       |
| backbone.bottom_up.res4.0.conv2.*               | backbone.bottom_up.res4.0.conv2.{norm.bias,norm.running_mean,norm.running_var,norm.weight,weight}    | (256,) (256,) (256,) (256,) (256,256,3,3)       |
| backbone.bottom_up.res4.0.conv3.*               | backbone.bottom_up.res4.0.conv3.{norm.bias,norm.running_mean,norm.running_var,norm.weight,weight}    | (1024,) (1024,) (1024,) (1024,) (1024,256,1,1)  |
| backbone.bottom_up.res4.0.shortcut.*            | backbone.bottom_up.res4.0.shortcut.{norm.bias,norm.running_mean,norm.running_var,norm.weight,weight} | (1024,) (1024,) (1024,) (1024,) (1024,512,1,1)  |
| backbone.bottom_up.res4.1.conv1.*               | backbone.bottom_up.res4.1.conv1.{norm.bias,norm.running_mean,norm.running_var,norm.weight,weight}    | (256,) (256,) (256,) (256,) (256,1024,1,1)      |
| backbone.bottom_up.res4.1.conv2.*               | backbone.bottom_up.res4.1.conv2.{norm.bias,norm.running_mean,norm.running_var,norm.weight,weight}    | (256,) (256,) (256,) (256,) (256,256,3,3)       |
| backbone.bottom_up.res4.1.conv3.*               | backbone.bottom_up.res4.1.conv3.{norm.bias,norm.running_mean,norm.running_var,norm.weight,weight}    | (1024,) (1024,) (1024,) (1024,) (1024,256,1,1)  |
| backbone.bottom_up.res4.2.conv1.*               | backbone.bottom_up.res4.2.conv1.{norm.bias,norm.running_mean,norm.running_var,norm.weight,weight}    | (256,) (256,) (256,) (256,) (256,1024,1,1)      |
| backbone.bottom_up.res4.2.conv2.*               | backbone.bottom_up.res4.2.conv2.{norm.bias,norm.running_mean,norm.running_var,norm.weight,weight}    | (256,) (256,) (256,) (256,) (256,256,3,3)       |
| backbone.bottom_up.res4.2.conv3.*               | backbone.bottom_up.res4.2.conv3.{norm.bias,norm.running_mean,norm.running_var,norm.weight,weight}    | (1024,) (1024,) (1024,) (1024,) (1024,256,1,1)  |
| backbone.bottom_up.res4.3.conv1.*               | backbone.bottom_up.res4.3.conv1.{norm.bias,norm.running_mean,norm.running_var,norm.weight,weight}    | (256,) (256,) (256,) (256,) (256,1024,1,1)      |
| backbone.bottom_up.res4.3.conv2.*               | backbone.bottom_up.res4.3.conv2.{norm.bias,norm.running_mean,norm.running_var,norm.weight,weight}    | (256,) (256,) (256,) (256,) (256,256,3,3)       |
| backbone.bottom_up.res4.3.conv3.*               | backbone.bottom_up.res4.3.conv3.{norm.bias,norm.running_mean,norm.running_var,norm.weight,weight}    | (1024,) (1024,) (1024,) (1024,) (1024,256,1,1)  |
| backbone.bottom_up.res4.4.conv1.*               | backbone.bottom_up.res4.4.conv1.{norm.bias,norm.running_mean,norm.running_var,norm.weight,weight}    | (256,) (256,) (256,) (256,) (256,1024,1,1)      |
| backbone.bottom_up.res4.4.conv2.*               | backbone.bottom_up.res4.4.conv2.{norm.bias,norm.running_mean,norm.running_var,norm.weight,weight}    | (256,) (256,) (256,) (256,) (256,256,3,3)       |
| backbone.bottom_up.res4.4.conv3.*               | backbone.bottom_up.res4.4.conv3.{norm.bias,norm.running_mean,norm.running_var,norm.weight,weight}    | (1024,) (1024,) (1024,) (1024,) (1024,256,1,1)  |
| backbone.bottom_up.res4.5.conv1.*               | backbone.bottom_up.res4.5.conv1.{norm.bias,norm.running_mean,norm.running_var,norm.weight,weight}    | (256,) (256,) (256,) (256,) (256,1024,1,1)      |
| backbone.bottom_up.res4.5.conv2.*               | backbone.bottom_up.res4.5.conv2.{norm.bias,norm.running_mean,norm.running_var,norm.weight,weight}    | (256,) (256,) (256,) (256,) (256,256,3,3)       |
| backbone.bottom_up.res4.5.conv3.*               | backbone.bottom_up.res4.5.conv3.{norm.bias,norm.running_mean,norm.running_var,norm.weight,weight}    | (1024,) (1024,) (1024,) (1024,) (1024,256,1,1)  |
| backbone.bottom_up.res5.0.conv1.*               | backbone.bottom_up.res5.0.conv1.{norm.bias,norm.running_mean,norm.running_var,norm.weight,weight}    | (512,) (512,) (512,) (512,) (512,1024,1,1)      |
| backbone.bottom_up.res5.0.conv2.*               | backbone.bottom_up.res5.0.conv2.{norm.bias,norm.running_mean,norm.running_var,norm.weight,weight}    | (512,) (512,) (512,) (512,) (512,512,3,3)       |
| backbone.bottom_up.res5.0.conv3.*               | backbone.bottom_up.res5.0.conv3.{norm.bias,norm.running_mean,norm.running_var,norm.weight,weight}    | (2048,) (2048,) (2048,) (2048,) (2048,512,1,1)  |
| backbone.bottom_up.res5.0.shortcut.*            | backbone.bottom_up.res5.0.shortcut.{norm.bias,norm.running_mean,norm.running_var,norm.weight,weight} | (2048,) (2048,) (2048,) (2048,) (2048,1024,1,1) |
| backbone.bottom_up.res5.1.conv1.*               | backbone.bottom_up.res5.1.conv1.{norm.bias,norm.running_mean,norm.running_var,norm.weight,weight}    | (512,) (512,) (512,) (512,) (512,2048,1,1)      |
| backbone.bottom_up.res5.1.conv2.*               | backbone.bottom_up.res5.1.conv2.{norm.bias,norm.running_mean,norm.running_var,norm.weight,weight}    | (512,) (512,) (512,) (512,) (512,512,3,3)       |
| backbone.bottom_up.res5.1.conv3.*               | backbone.bottom_up.res5.1.conv3.{norm.bias,norm.running_mean,norm.running_var,norm.weight,weight}    | (2048,) (2048,) (2048,) (2048,) (2048,512,1,1)  |
| backbone.bottom_up.res5.2.conv1.*               | backbone.bottom_up.res5.2.conv1.{norm.bias,norm.running_mean,norm.running_var,norm.weight,weight}    | (512,) (512,) (512,) (512,) (512,2048,1,1)      |
| backbone.bottom_up.res5.2.conv2.*               | backbone.bottom_up.res5.2.conv2.{norm.bias,norm.running_mean,norm.running_var,norm.weight,weight}    | (512,) (512,) (512,) (512,) (512,512,3,3)       |
| backbone.bottom_up.res5.2.conv3.*               | backbone.bottom_up.res5.2.conv3.{norm.bias,norm.running_mean,norm.running_var,norm.weight,weight}    | (2048,) (2048,) (2048,) (2048,) (2048,512,1,1)  |
| backbone.bottom_up.stem.conv1.*                 | backbone.bottom_up.stem.conv1.{norm.bias,norm.running_mean,norm.running_var,norm.weight,weight}      | (64,) (64,) (64,) (64,) (64,3,7,7)              |
| backbone.fpn_lateral2.*                         | backbone.fpn_lateral2.{bias,weight}                                                                  | (256,) (256,256,1,1)                            |
| backbone.fpn_lateral3.*                         | backbone.fpn_lateral3.{bias,weight}                                                                  | (256,) (256,512,1,1)                            |
| backbone.fpn_lateral4.*                         | backbone.fpn_lateral4.{bias,weight}                                                                  | (256,) (256,1024,1,1)                           |
| backbone.fpn_lateral5.*                         | backbone.fpn_lateral5.{bias,weight}                                                                  | (256,) (256,2048,1,1)                           |
| backbone.fpn_output2.*                          | backbone.fpn_output2.{bias,weight}                                                                   | (256,) (256,256,3,3)                            |
| backbone.fpn_output3.*                          | backbone.fpn_output3.{bias,weight}                                                                   | (256,) (256,256,3,3)                            |
| backbone.fpn_output4.*                          | backbone.fpn_output4.{bias,weight}                                                                   | (256,) (256,256,3,3)                            |
| backbone.fpn_output5.*                          | backbone.fpn_output5.{bias,weight}                                                                   | (256,) (256,256,3,3)                            |
| proposal_generator.rpn_head.anchor_deltas.*     | proposal_generator.rpn_head.anchor_deltas.{bias,weight}                                              | (12,) (12,256,1,1)                              |
| proposal_generator.rpn_head.conv.*              | proposal_generator.rpn_head.conv.{bias,weight}                                                       | (256,) (256,256,3,3)                            |
| proposal_generator.rpn_head.objectness_logits.* | proposal_generator.rpn_head.objectness_logits.{bias,weight}                                          | (3,) (3,256,1,1)                                |
| roi_heads.box_head.fc1.*                        | roi_heads.box_head.fc1.{bias,weight}                                                                 | (1024,) (1024,12544)                            |
| roi_heads.box_head.fc2.*                        | roi_heads.box_head.fc2.{bias,weight}                                                                 | (1024,) (1024,1024)                             |
| roi_heads.box_predictor.bbox_pred.*             | roi_heads.box_predictor.bbox_pred.{bias,weight}                                                      | (48,) (48,1024)                                 |
| roi_heads.box_predictor.cls_score.*             | roi_heads.box_predictor.cls_score.{bias,weight}                                                      | (13,) (13,1024)                                 |
[2022-10-07 15:15:54,143] root - INFO - Text Detection and conversion stage begins here
[2022-10-07 15:16:01,832] fvcore.common.checkpoint - INFO - [Checkpointer] Loading from text_detection_model\model_final.pth ...
[2022-10-07 15:16:02,522] detectron2.checkpoint.c2_model_loading - WARNING - Shape of roi_heads.box_predictor.bbox_pred.bias in checkpoint is torch.Size([8]), while shape of roi_heads.box_predictor.bbox_pred.bias in model is torch.Size([4]).
[2022-10-07 15:16:02,522] detectron2.checkpoint.c2_model_loading - WARNING - roi_heads.box_predictor.bbox_pred.bias will not be loaded. Please double check and see if this is desired.
[2022-10-07 15:16:02,522] detectron2.checkpoint.c2_model_loading - WARNING - Shape of roi_heads.box_predictor.bbox_pred.weight in checkpoint is torch.Size([8, 1024]), while shape of roi_heads.box_predictor.bbox_pred.weight in model is torch.Size([4, 1024]).
[2022-10-07 15:16:02,523] detectron2.checkpoint.c2_model_loading - WARNING - roi_heads.box_predictor.bbox_pred.weight will not be loaded. Please double check and see if this is desired.
[2022-10-07 15:16:02,523] detectron2.checkpoint.c2_model_loading - WARNING - Shape of roi_heads.box_predictor.cls_score.bias in checkpoint is torch.Size([3]), while shape of roi_heads.box_predictor.cls_score.bias in model is torch.Size([2]).
[2022-10-07 15:16:02,523] detectron2.checkpoint.c2_model_loading - WARNING - roi_heads.box_predictor.cls_score.bias will not be loaded. Please double check and see if this is desired.
[2022-10-07 15:16:02,523] detectron2.checkpoint.c2_model_loading - WARNING - Shape of roi_heads.box_predictor.cls_score.weight in checkpoint is torch.Size([3, 1024]), while shape of roi_heads.box_predictor.cls_score.weight in model is torch.Size([2, 1024]).
[2022-10-07 15:16:02,523] detectron2.checkpoint.c2_model_loading - WARNING - roi_heads.box_predictor.cls_score.weight will not be loaded. Please double check and see if this is desired.
[2022-10-07 15:16:02,614] detectron2.checkpoint.c2_model_loading - INFO - Following weights matched with model:
| Names in Model                                  | Names in Checkpoint                                                                                  | Shapes                                          |
|:------------------------------------------------|:-----------------------------------------------------------------------------------------------------|:------------------------------------------------|
| backbone.bottom_up.res2.0.conv1.*               | backbone.bottom_up.res2.0.conv1.{norm.bias,norm.running_mean,norm.running_var,norm.weight,weight}    | (64,) (64,) (64,) (64,) (64,64,1,1)             |
| backbone.bottom_up.res2.0.conv2.*               | backbone.bottom_up.res2.0.conv2.{norm.bias,norm.running_mean,norm.running_var,norm.weight,weight}    | (64,) (64,) (64,) (64,) (64,64,3,3)             |
| backbone.bottom_up.res2.0.conv3.*               | backbone.bottom_up.res2.0.conv3.{norm.bias,norm.running_mean,norm.running_var,norm.weight,weight}    | (256,) (256,) (256,) (256,) (256,64,1,1)        |
| backbone.bottom_up.res2.0.shortcut.*            | backbone.bottom_up.res2.0.shortcut.{norm.bias,norm.running_mean,norm.running_var,norm.weight,weight} | (256,) (256,) (256,) (256,) (256,64,1,1)        |
| backbone.bottom_up.res2.1.conv1.*               | backbone.bottom_up.res2.1.conv1.{norm.bias,norm.running_mean,norm.running_var,norm.weight,weight}    | (64,) (64,) (64,) (64,) (64,256,1,1)            |
| backbone.bottom_up.res2.1.conv2.*               | backbone.bottom_up.res2.1.conv2.{norm.bias,norm.running_mean,norm.running_var,norm.weight,weight}    | (64,) (64,) (64,) (64,) (64,64,3,3)             |
| backbone.bottom_up.res2.1.conv3.*               | backbone.bottom_up.res2.1.conv3.{norm.bias,norm.running_mean,norm.running_var,norm.weight,weight}    | (256,) (256,) (256,) (256,) (256,64,1,1)        |
| backbone.bottom_up.res2.2.conv1.*               | backbone.bottom_up.res2.2.conv1.{norm.bias,norm.running_mean,norm.running_var,norm.weight,weight}    | (64,) (64,) (64,) (64,) (64,256,1,1)            |
| backbone.bottom_up.res2.2.conv2.*               | backbone.bottom_up.res2.2.conv2.{norm.bias,norm.running_mean,norm.running_var,norm.weight,weight}    | (64,) (64,) (64,) (64,) (64,64,3,3)             |
| backbone.bottom_up.res2.2.conv3.*               | backbone.bottom_up.res2.2.conv3.{norm.bias,norm.running_mean,norm.running_var,norm.weight,weight}    | (256,) (256,) (256,) (256,) (256,64,1,1)        |
| backbone.bottom_up.res3.0.conv1.*               | backbone.bottom_up.res3.0.conv1.{norm.bias,norm.running_mean,norm.running_var,norm.weight,weight}    | (128,) (128,) (128,) (128,) (128,256,1,1)       |
| backbone.bottom_up.res3.0.conv2.*               | backbone.bottom_up.res3.0.conv2.{norm.bias,norm.running_mean,norm.running_var,norm.weight,weight}    | (128,) (128,) (128,) (128,) (128,128,3,3)       |
| backbone.bottom_up.res3.0.conv3.*               | backbone.bottom_up.res3.0.conv3.{norm.bias,norm.running_mean,norm.running_var,norm.weight,weight}    | (512,) (512,) (512,) (512,) (512,128,1,1)       |
| backbone.bottom_up.res3.0.shortcut.*            | backbone.bottom_up.res3.0.shortcut.{norm.bias,norm.running_mean,norm.running_var,norm.weight,weight} | (512,) (512,) (512,) (512,) (512,256,1,1)       |
| backbone.bottom_up.res3.1.conv1.*               | backbone.bottom_up.res3.1.conv1.{norm.bias,norm.running_mean,norm.running_var,norm.weight,weight}    | (128,) (128,) (128,) (128,) (128,512,1,1)       |
| backbone.bottom_up.res3.1.conv2.*               | backbone.bottom_up.res3.1.conv2.{norm.bias,norm.running_mean,norm.running_var,norm.weight,weight}    | (128,) (128,) (128,) (128,) (128,128,3,3)       |
| backbone.bottom_up.res3.1.conv3.*               | backbone.bottom_up.res3.1.conv3.{norm.bias,norm.running_mean,norm.running_var,norm.weight,weight}    | (512,) (512,) (512,) (512,) (512,128,1,1)       |
| backbone.bottom_up.res3.2.conv1.*               | backbone.bottom_up.res3.2.conv1.{norm.bias,norm.running_mean,norm.running_var,norm.weight,weight}    | (128,) (128,) (128,) (128,) (128,512,1,1)       |
| backbone.bottom_up.res3.2.conv2.*               | backbone.bottom_up.res3.2.conv2.{norm.bias,norm.running_mean,norm.running_var,norm.weight,weight}    | (128,) (128,) (128,) (128,) (128,128,3,3)       |
| backbone.bottom_up.res3.2.conv3.*               | backbone.bottom_up.res3.2.conv3.{norm.bias,norm.running_mean,norm.running_var,norm.weight,weight}    | (512,) (512,) (512,) (512,) (512,128,1,1)       |
| backbone.bottom_up.res3.3.conv1.*               | backbone.bottom_up.res3.3.conv1.{norm.bias,norm.running_mean,norm.running_var,norm.weight,weight}    | (128,) (128,) (128,) (128,) (128,512,1,1)       |
| backbone.bottom_up.res3.3.conv2.*               | backbone.bottom_up.res3.3.conv2.{norm.bias,norm.running_mean,norm.running_var,norm.weight,weight}    | (128,) (128,) (128,) (128,) (128,128,3,3)       |
| backbone.bottom_up.res3.3.conv3.*               | backbone.bottom_up.res3.3.conv3.{norm.bias,norm.running_mean,norm.running_var,norm.weight,weight}    | (512,) (512,) (512,) (512,) (512,128,1,1)       |
| backbone.bottom_up.res4.0.conv1.*               | backbone.bottom_up.res4.0.conv1.{norm.bias,norm.running_mean,norm.running_var,norm.weight,weight}    | (256,) (256,) (256,) (256,) (256,512,1,1)       |
| backbone.bottom_up.res4.0.conv2.*               | backbone.bottom_up.res4.0.conv2.{norm.bias,norm.running_mean,norm.running_var,norm.weight,weight}    | (256,) (256,) (256,) (256,) (256,256,3,3)       |
| backbone.bottom_up.res4.0.conv3.*               | backbone.bottom_up.res4.0.conv3.{norm.bias,norm.running_mean,norm.running_var,norm.weight,weight}    | (1024,) (1024,) (1024,) (1024,) (1024,256,1,1)  |
| backbone.bottom_up.res4.0.shortcut.*            | backbone.bottom_up.res4.0.shortcut.{norm.bias,norm.running_mean,norm.running_var,norm.weight,weight} | (1024,) (1024,) (1024,) (1024,) (1024,512,1,1)  |
| backbone.bottom_up.res4.1.conv1.*               | backbone.bottom_up.res4.1.conv1.{norm.bias,norm.running_mean,norm.running_var,norm.weight,weight}    | (256,) (256,) (256,) (256,) (256,1024,1,1)      |
| backbone.bottom_up.res4.1.conv2.*               | backbone.bottom_up.res4.1.conv2.{norm.bias,norm.running_mean,norm.running_var,norm.weight,weight}    | (256,) (256,) (256,) (256,) (256,256,3,3)       |
| backbone.bottom_up.res4.1.conv3.*               | backbone.bottom_up.res4.1.conv3.{norm.bias,norm.running_mean,norm.running_var,norm.weight,weight}    | (1024,) (1024,) (1024,) (1024,) (1024,256,1,1)  |
| backbone.bottom_up.res4.10.conv1.*              | backbone.bottom_up.res4.10.conv1.{norm.bias,norm.running_mean,norm.running_var,norm.weight,weight}   | (256,) (256,) (256,) (256,) (256,1024,1,1)      |
| backbone.bottom_up.res4.10.conv2.*              | backbone.bottom_up.res4.10.conv2.{norm.bias,norm.running_mean,norm.running_var,norm.weight,weight}   | (256,) (256,) (256,) (256,) (256,256,3,3)       |
| backbone.bottom_up.res4.10.conv3.*              | backbone.bottom_up.res4.10.conv3.{norm.bias,norm.running_mean,norm.running_var,norm.weight,weight}   | (1024,) (1024,) (1024,) (1024,) (1024,256,1,1)  |
| backbone.bottom_up.res4.11.conv1.*              | backbone.bottom_up.res4.11.conv1.{norm.bias,norm.running_mean,norm.running_var,norm.weight,weight}   | (256,) (256,) (256,) (256,) (256,1024,1,1)      |
| backbone.bottom_up.res4.11.conv2.*              | backbone.bottom_up.res4.11.conv2.{norm.bias,norm.running_mean,norm.running_var,norm.weight,weight}   | (256,) (256,) (256,) (256,) (256,256,3,3)       |
| backbone.bottom_up.res4.11.conv3.*              | backbone.bottom_up.res4.11.conv3.{norm.bias,norm.running_mean,norm.running_var,norm.weight,weight}   | (1024,) (1024,) (1024,) (1024,) (1024,256,1,1)  |
| backbone.bottom_up.res4.12.conv1.*              | backbone.bottom_up.res4.12.conv1.{norm.bias,norm.running_mean,norm.running_var,norm.weight,weight}   | (256,) (256,) (256,) (256,) (256,1024,1,1)      |
| backbone.bottom_up.res4.12.conv2.*              | backbone.bottom_up.res4.12.conv2.{norm.bias,norm.running_mean,norm.running_var,norm.weight,weight}   | (256,) (256,) (256,) (256,) (256,256,3,3)       |
| backbone.bottom_up.res4.12.conv3.*              | backbone.bottom_up.res4.12.conv3.{norm.bias,norm.running_mean,norm.running_var,norm.weight,weight}   | (1024,) (1024,) (1024,) (1024,) (1024,256,1,1)  |
| backbone.bottom_up.res4.13.conv1.*              | backbone.bottom_up.res4.13.conv1.{norm.bias,norm.running_mean,norm.running_var,norm.weight,weight}   | (256,) (256,) (256,) (256,) (256,1024,1,1)      |
| backbone.bottom_up.res4.13.conv2.*              | backbone.bottom_up.res4.13.conv2.{norm.bias,norm.running_mean,norm.running_var,norm.weight,weight}   | (256,) (256,) (256,) (256,) (256,256,3,3)       |
| backbone.bottom_up.res4.13.conv3.*              | backbone.bottom_up.res4.13.conv3.{norm.bias,norm.running_mean,norm.running_var,norm.weight,weight}   | (1024,) (1024,) (1024,) (1024,) (1024,256,1,1)  |
| backbone.bottom_up.res4.14.conv1.*              | backbone.bottom_up.res4.14.conv1.{norm.bias,norm.running_mean,norm.running_var,norm.weight,weight}   | (256,) (256,) (256,) (256,) (256,1024,1,1)      |
| backbone.bottom_up.res4.14.conv2.*              | backbone.bottom_up.res4.14.conv2.{norm.bias,norm.running_mean,norm.running_var,norm.weight,weight}   | (256,) (256,) (256,) (256,) (256,256,3,3)       |
| backbone.bottom_up.res4.14.conv3.*              | backbone.bottom_up.res4.14.conv3.{norm.bias,norm.running_mean,norm.running_var,norm.weight,weight}   | (1024,) (1024,) (1024,) (1024,) (1024,256,1,1)  |
| backbone.bottom_up.res4.15.conv1.*              | backbone.bottom_up.res4.15.conv1.{norm.bias,norm.running_mean,norm.running_var,norm.weight,weight}   | (256,) (256,) (256,) (256,) (256,1024,1,1)      |
| backbone.bottom_up.res4.15.conv2.*              | backbone.bottom_up.res4.15.conv2.{norm.bias,norm.running_mean,norm.running_var,norm.weight,weight}   | (256,) (256,) (256,) (256,) (256,256,3,3)       |
| backbone.bottom_up.res4.15.conv3.*              | backbone.bottom_up.res4.15.conv3.{norm.bias,norm.running_mean,norm.running_var,norm.weight,weight}   | (1024,) (1024,) (1024,) (1024,) (1024,256,1,1)  |
| backbone.bottom_up.res4.16.conv1.*              | backbone.bottom_up.res4.16.conv1.{norm.bias,norm.running_mean,norm.running_var,norm.weight,weight}   | (256,) (256,) (256,) (256,) (256,1024,1,1)      |
| backbone.bottom_up.res4.16.conv2.*              | backbone.bottom_up.res4.16.conv2.{norm.bias,norm.running_mean,norm.running_var,norm.weight,weight}   | (256,) (256,) (256,) (256,) (256,256,3,3)       |
| backbone.bottom_up.res4.16.conv3.*              | backbone.bottom_up.res4.16.conv3.{norm.bias,norm.running_mean,norm.running_var,norm.weight,weight}   | (1024,) (1024,) (1024,) (1024,) (1024,256,1,1)  |
| backbone.bottom_up.res4.17.conv1.*              | backbone.bottom_up.res4.17.conv1.{norm.bias,norm.running_mean,norm.running_var,norm.weight,weight}   | (256,) (256,) (256,) (256,) (256,1024,1,1)      |
| backbone.bottom_up.res4.17.conv2.*              | backbone.bottom_up.res4.17.conv2.{norm.bias,norm.running_mean,norm.running_var,norm.weight,weight}   | (256,) (256,) (256,) (256,) (256,256,3,3)       |
| backbone.bottom_up.res4.17.conv3.*              | backbone.bottom_up.res4.17.conv3.{norm.bias,norm.running_mean,norm.running_var,norm.weight,weight}   | (1024,) (1024,) (1024,) (1024,) (1024,256,1,1)  |
| backbone.bottom_up.res4.18.conv1.*              | backbone.bottom_up.res4.18.conv1.{norm.bias,norm.running_mean,norm.running_var,norm.weight,weight}   | (256,) (256,) (256,) (256,) (256,1024,1,1)      |
| backbone.bottom_up.res4.18.conv2.*              | backbone.bottom_up.res4.18.conv2.{norm.bias,norm.running_mean,norm.running_var,norm.weight,weight}   | (256,) (256,) (256,) (256,) (256,256,3,3)       |
| backbone.bottom_up.res4.18.conv3.*              | backbone.bottom_up.res4.18.conv3.{norm.bias,norm.running_mean,norm.running_var,norm.weight,weight}   | (1024,) (1024,) (1024,) (1024,) (1024,256,1,1)  |
| backbone.bottom_up.res4.19.conv1.*              | backbone.bottom_up.res4.19.conv1.{norm.bias,norm.running_mean,norm.running_var,norm.weight,weight}   | (256,) (256,) (256,) (256,) (256,1024,1,1)      |
| backbone.bottom_up.res4.19.conv2.*              | backbone.bottom_up.res4.19.conv2.{norm.bias,norm.running_mean,norm.running_var,norm.weight,weight}   | (256,) (256,) (256,) (256,) (256,256,3,3)       |
| backbone.bottom_up.res4.19.conv3.*              | backbone.bottom_up.res4.19.conv3.{norm.bias,norm.running_mean,norm.running_var,norm.weight,weight}   | (1024,) (1024,) (1024,) (1024,) (1024,256,1,1)  |
| backbone.bottom_up.res4.2.conv1.*               | backbone.bottom_up.res4.2.conv1.{norm.bias,norm.running_mean,norm.running_var,norm.weight,weight}    | (256,) (256,) (256,) (256,) (256,1024,1,1)      |
| backbone.bottom_up.res4.2.conv2.*               | backbone.bottom_up.res4.2.conv2.{norm.bias,norm.running_mean,norm.running_var,norm.weight,weight}    | (256,) (256,) (256,) (256,) (256,256,3,3)       |
| backbone.bottom_up.res4.2.conv3.*               | backbone.bottom_up.res4.2.conv3.{norm.bias,norm.running_mean,norm.running_var,norm.weight,weight}    | (1024,) (1024,) (1024,) (1024,) (1024,256,1,1)  |
| backbone.bottom_up.res4.20.conv1.*              | backbone.bottom_up.res4.20.conv1.{norm.bias,norm.running_mean,norm.running_var,norm.weight,weight}   | (256,) (256,) (256,) (256,) (256,1024,1,1)      |
| backbone.bottom_up.res4.20.conv2.*              | backbone.bottom_up.res4.20.conv2.{norm.bias,norm.running_mean,norm.running_var,norm.weight,weight}   | (256,) (256,) (256,) (256,) (256,256,3,3)       |
| backbone.bottom_up.res4.20.conv3.*              | backbone.bottom_up.res4.20.conv3.{norm.bias,norm.running_mean,norm.running_var,norm.weight,weight}   | (1024,) (1024,) (1024,) (1024,) (1024,256,1,1)  |
| backbone.bottom_up.res4.21.conv1.*              | backbone.bottom_up.res4.21.conv1.{norm.bias,norm.running_mean,norm.running_var,norm.weight,weight}   | (256,) (256,) (256,) (256,) (256,1024,1,1)      |
| backbone.bottom_up.res4.21.conv2.*              | backbone.bottom_up.res4.21.conv2.{norm.bias,norm.running_mean,norm.running_var,norm.weight,weight}   | (256,) (256,) (256,) (256,) (256,256,3,3)       |
| backbone.bottom_up.res4.21.conv3.*              | backbone.bottom_up.res4.21.conv3.{norm.bias,norm.running_mean,norm.running_var,norm.weight,weight}   | (1024,) (1024,) (1024,) (1024,) (1024,256,1,1)  |
| backbone.bottom_up.res4.22.conv1.*              | backbone.bottom_up.res4.22.conv1.{norm.bias,norm.running_mean,norm.running_var,norm.weight,weight}   | (256,) (256,) (256,) (256,) (256,1024,1,1)      |
| backbone.bottom_up.res4.22.conv2.*              | backbone.bottom_up.res4.22.conv2.{norm.bias,norm.running_mean,norm.running_var,norm.weight,weight}   | (256,) (256,) (256,) (256,) (256,256,3,3)       |
| backbone.bottom_up.res4.22.conv3.*              | backbone.bottom_up.res4.22.conv3.{norm.bias,norm.running_mean,norm.running_var,norm.weight,weight}   | (1024,) (1024,) (1024,) (1024,) (1024,256,1,1)  |
| backbone.bottom_up.res4.3.conv1.*               | backbone.bottom_up.res4.3.conv1.{norm.bias,norm.running_mean,norm.running_var,norm.weight,weight}    | (256,) (256,) (256,) (256,) (256,1024,1,1)      |
| backbone.bottom_up.res4.3.conv2.*               | backbone.bottom_up.res4.3.conv2.{norm.bias,norm.running_mean,norm.running_var,norm.weight,weight}    | (256,) (256,) (256,) (256,) (256,256,3,3)       |
| backbone.bottom_up.res4.3.conv3.*               | backbone.bottom_up.res4.3.conv3.{norm.bias,norm.running_mean,norm.running_var,norm.weight,weight}    | (1024,) (1024,) (1024,) (1024,) (1024,256,1,1)  |
| backbone.bottom_up.res4.4.conv1.*               | backbone.bottom_up.res4.4.conv1.{norm.bias,norm.running_mean,norm.running_var,norm.weight,weight}    | (256,) (256,) (256,) (256,) (256,1024,1,1)      |
| backbone.bottom_up.res4.4.conv2.*               | backbone.bottom_up.res4.4.conv2.{norm.bias,norm.running_mean,norm.running_var,norm.weight,weight}    | (256,) (256,) (256,) (256,) (256,256,3,3)       |
| backbone.bottom_up.res4.4.conv3.*               | backbone.bottom_up.res4.4.conv3.{norm.bias,norm.running_mean,norm.running_var,norm.weight,weight}    | (1024,) (1024,) (1024,) (1024,) (1024,256,1,1)  |
| backbone.bottom_up.res4.5.conv1.*               | backbone.bottom_up.res4.5.conv1.{norm.bias,norm.running_mean,norm.running_var,norm.weight,weight}    | (256,) (256,) (256,) (256,) (256,1024,1,1)      |
| backbone.bottom_up.res4.5.conv2.*               | backbone.bottom_up.res4.5.conv2.{norm.bias,norm.running_mean,norm.running_var,norm.weight,weight}    | (256,) (256,) (256,) (256,) (256,256,3,3)       |
| backbone.bottom_up.res4.5.conv3.*               | backbone.bottom_up.res4.5.conv3.{norm.bias,norm.running_mean,norm.running_var,norm.weight,weight}    | (1024,) (1024,) (1024,) (1024,) (1024,256,1,1)  |
| backbone.bottom_up.res4.6.conv1.*               | backbone.bottom_up.res4.6.conv1.{norm.bias,norm.running_mean,norm.running_var,norm.weight,weight}    | (256,) (256,) (256,) (256,) (256,1024,1,1)      |
| backbone.bottom_up.res4.6.conv2.*               | backbone.bottom_up.res4.6.conv2.{norm.bias,norm.running_mean,norm.running_var,norm.weight,weight}    | (256,) (256,) (256,) (256,) (256,256,3,3)       |
| backbone.bottom_up.res4.6.conv3.*               | backbone.bottom_up.res4.6.conv3.{norm.bias,norm.running_mean,norm.running_var,norm.weight,weight}    | (1024,) (1024,) (1024,) (1024,) (1024,256,1,1)  |
| backbone.bottom_up.res4.7.conv1.*               | backbone.bottom_up.res4.7.conv1.{norm.bias,norm.running_mean,norm.running_var,norm.weight,weight}    | (256,) (256,) (256,) (256,) (256,1024,1,1)      |
| backbone.bottom_up.res4.7.conv2.*               | backbone.bottom_up.res4.7.conv2.{norm.bias,norm.running_mean,norm.running_var,norm.weight,weight}    | (256,) (256,) (256,) (256,) (256,256,3,3)       |
| backbone.bottom_up.res4.7.conv3.*               | backbone.bottom_up.res4.7.conv3.{norm.bias,norm.running_mean,norm.running_var,norm.weight,weight}    | (1024,) (1024,) (1024,) (1024,) (1024,256,1,1)  |
| backbone.bottom_up.res4.8.conv1.*               | backbone.bottom_up.res4.8.conv1.{norm.bias,norm.running_mean,norm.running_var,norm.weight,weight}    | (256,) (256,) (256,) (256,) (256,1024,1,1)      |
| backbone.bottom_up.res4.8.conv2.*               | backbone.bottom_up.res4.8.conv2.{norm.bias,norm.running_mean,norm.running_var,norm.weight,weight}    | (256,) (256,) (256,) (256,) (256,256,3,3)       |
| backbone.bottom_up.res4.8.conv3.*               | backbone.bottom_up.res4.8.conv3.{norm.bias,norm.running_mean,norm.running_var,norm.weight,weight}    | (1024,) (1024,) (1024,) (1024,) (1024,256,1,1)  |
| backbone.bottom_up.res4.9.conv1.*               | backbone.bottom_up.res4.9.conv1.{norm.bias,norm.running_mean,norm.running_var,norm.weight,weight}    | (256,) (256,) (256,) (256,) (256,1024,1,1)      |
| backbone.bottom_up.res4.9.conv2.*               | backbone.bottom_up.res4.9.conv2.{norm.bias,norm.running_mean,norm.running_var,norm.weight,weight}    | (256,) (256,) (256,) (256,) (256,256,3,3)       |
| backbone.bottom_up.res4.9.conv3.*               | backbone.bottom_up.res4.9.conv3.{norm.bias,norm.running_mean,norm.running_var,norm.weight,weight}    | (1024,) (1024,) (1024,) (1024,) (1024,256,1,1)  |
| backbone.bottom_up.res5.0.conv1.*               | backbone.bottom_up.res5.0.conv1.{norm.bias,norm.running_mean,norm.running_var,norm.weight,weight}    | (512,) (512,) (512,) (512,) (512,1024,1,1)      |
| backbone.bottom_up.res5.0.conv2.*               | backbone.bottom_up.res5.0.conv2.{norm.bias,norm.running_mean,norm.running_var,norm.weight,weight}    | (512,) (512,) (512,) (512,) (512,512,3,3)       |
| backbone.bottom_up.res5.0.conv3.*               | backbone.bottom_up.res5.0.conv3.{norm.bias,norm.running_mean,norm.running_var,norm.weight,weight}    | (2048,) (2048,) (2048,) (2048,) (2048,512,1,1)  |
| backbone.bottom_up.res5.0.shortcut.*            | backbone.bottom_up.res5.0.shortcut.{norm.bias,norm.running_mean,norm.running_var,norm.weight,weight} | (2048,) (2048,) (2048,) (2048,) (2048,1024,1,1) |
| backbone.bottom_up.res5.1.conv1.*               | backbone.bottom_up.res5.1.conv1.{norm.bias,norm.running_mean,norm.running_var,norm.weight,weight}    | (512,) (512,) (512,) (512,) (512,2048,1,1)      |
| backbone.bottom_up.res5.1.conv2.*               | backbone.bottom_up.res5.1.conv2.{norm.bias,norm.running_mean,norm.running_var,norm.weight,weight}    | (512,) (512,) (512,) (512,) (512,512,3,3)       |
| backbone.bottom_up.res5.1.conv3.*               | backbone.bottom_up.res5.1.conv3.{norm.bias,norm.running_mean,norm.running_var,norm.weight,weight}    | (2048,) (2048,) (2048,) (2048,) (2048,512,1,1)  |
| backbone.bottom_up.res5.2.conv1.*               | backbone.bottom_up.res5.2.conv1.{norm.bias,norm.running_mean,norm.running_var,norm.weight,weight}    | (512,) (512,) (512,) (512,) (512,2048,1,1)      |
| backbone.bottom_up.res5.2.conv2.*               | backbone.bottom_up.res5.2.conv2.{norm.bias,norm.running_mean,norm.running_var,norm.weight,weight}    | (512,) (512,) (512,) (512,) (512,512,3,3)       |
| backbone.bottom_up.res5.2.conv3.*               | backbone.bottom_up.res5.2.conv3.{norm.bias,norm.running_mean,norm.running_var,norm.weight,weight}    | (2048,) (2048,) (2048,) (2048,) (2048,512,1,1)  |
| backbone.bottom_up.stem.conv1.*                 | backbone.bottom_up.stem.conv1.{norm.bias,norm.running_mean,norm.running_var,norm.weight,weight}      | (64,) (64,) (64,) (64,) (64,3,7,7)              |
| backbone.fpn_lateral2.*                         | backbone.fpn_lateral2.{bias,weight}                                                                  | (256,) (256,256,1,1)                            |
| backbone.fpn_lateral3.*                         | backbone.fpn_lateral3.{bias,weight}                                                                  | (256,) (256,512,1,1)                            |
| backbone.fpn_lateral4.*                         | backbone.fpn_lateral4.{bias,weight}                                                                  | (256,) (256,1024,1,1)                           |
| backbone.fpn_lateral5.*                         | backbone.fpn_lateral5.{bias,weight}                                                                  | (256,) (256,2048,1,1)                           |
| backbone.fpn_output2.*                          | backbone.fpn_output2.{bias,weight}                                                                   | (256,) (256,256,3,3)                            |
| backbone.fpn_output3.*                          | backbone.fpn_output3.{bias,weight}                                                                   | (256,) (256,256,3,3)                            |
| backbone.fpn_output4.*                          | backbone.fpn_output4.{bias,weight}                                                                   | (256,) (256,256,3,3)                            |
| backbone.fpn_output5.*                          | backbone.fpn_output5.{bias,weight}                                                                   | (256,) (256,256,3,3)                            |
| proposal_generator.rpn_head.anchor_deltas.*     | proposal_generator.rpn_head.anchor_deltas.{bias,weight}                                              | (12,) (12,256,1,1)                              |
| proposal_generator.rpn_head.conv.*              | proposal_generator.rpn_head.conv.{bias,weight}                                                       | (256,) (256,256,3,3)                            |
| proposal_generator.rpn_head.objectness_logits.* | proposal_generator.rpn_head.objectness_logits.{bias,weight}                                          | (3,) (3,256,1,1)                                |
| roi_heads.box_head.fc1.*                        | roi_heads.box_head.fc1.{bias,weight}                                                                 | (1024,) (1024,12544)                            |
| roi_heads.box_head.fc2.*                        | roi_heads.box_head.fc2.{bias,weight}                                                                 | (1024,) (1024,1024)                             |
[2022-10-07 15:16:02,959] fvcore.common.checkpoint - WARNING - Skip loading parameter 'roi_heads.box_predictor.bbox_pred.bias' to the model due to incompatible shapes: (8,) in the checkpoint but (4,) in the model! You might want to double check if this is expected.
[2022-10-07 15:16:02,959] fvcore.common.checkpoint - WARNING - Skip loading parameter 'roi_heads.box_predictor.bbox_pred.weight' to the model due to incompatible shapes: (8, 1024) in the checkpoint but (4, 1024) in the model! You might want to double check if this is expected.
[2022-10-07 15:16:02,959] fvcore.common.checkpoint - WARNING - Skip loading parameter 'roi_heads.box_predictor.cls_score.bias' to the model due to incompatible shapes: (3,) in the checkpoint but (2,) in the model! You might want to double check if this is expected.
[2022-10-07 15:16:02,959] fvcore.common.checkpoint - WARNING - Skip loading parameter 'roi_heads.box_predictor.cls_score.weight' to the model due to incompatible shapes: (3, 1024) in the checkpoint but (2, 1024) in the model! You might want to double check if this is expected.
[2022-10-07 15:16:02,970] fvcore.common.checkpoint - WARNING - Some model parameters or buffers are not found in the checkpoint:
[34mroi_heads.box_predictor.bbox_pred.{bias, weight}[0m
[34mroi_heads.box_predictor.cls_score.{bias, weight}[0m
