[2022-10-07 13:42:57,449] werkzeug - WARNING -  * Debugger is active!
[2022-10-07 13:42:57,462] werkzeug - INFO -  * Debugger PIN: 565-558-316
[2022-10-07 13:42:58,037] PIL.PngImagePlugin - DEBUG - STREAM b'IHDR' 16 13
[2022-10-07 13:42:58,037] PIL.PngImagePlugin - DEBUG - STREAM b'IDAT' 41 8192
[2022-10-07 13:43:06,236] fvcore.common.checkpoint - INFO - [Checkpointer] Loading from output\model_final.pth ...
[2022-10-07 13:43:06,469] detectron2.checkpoint.c2_model_loading - WARNING - Shape of roi_heads.box_predictor.bbox_pred.bias in checkpoint is torch.Size([48]), while shape of roi_heads.box_predictor.bbox_pred.bias in model is torch.Size([56]).
[2022-10-07 13:43:06,469] detectron2.checkpoint.c2_model_loading - WARNING - roi_heads.box_predictor.bbox_pred.bias will not be loaded. Please double check and see if this is desired.
[2022-10-07 13:43:06,469] detectron2.checkpoint.c2_model_loading - WARNING - Shape of roi_heads.box_predictor.bbox_pred.weight in checkpoint is torch.Size([48, 1024]), while shape of roi_heads.box_predictor.bbox_pred.weight in model is torch.Size([56, 1024]).
[2022-10-07 13:43:06,469] detectron2.checkpoint.c2_model_loading - WARNING - roi_heads.box_predictor.bbox_pred.weight will not be loaded. Please double check and see if this is desired.
[2022-10-07 13:43:06,469] detectron2.checkpoint.c2_model_loading - WARNING - Shape of roi_heads.box_predictor.cls_score.bias in checkpoint is torch.Size([13]), while shape of roi_heads.box_predictor.cls_score.bias in model is torch.Size([15]).
[2022-10-07 13:43:06,470] detectron2.checkpoint.c2_model_loading - WARNING - roi_heads.box_predictor.cls_score.bias will not be loaded. Please double check and see if this is desired.
[2022-10-07 13:43:06,470] detectron2.checkpoint.c2_model_loading - WARNING - Shape of roi_heads.box_predictor.cls_score.weight in checkpoint is torch.Size([13, 1024]), while shape of roi_heads.box_predictor.cls_score.weight in model is torch.Size([15, 1024]).
[2022-10-07 13:43:06,470] detectron2.checkpoint.c2_model_loading - WARNING - roi_heads.box_predictor.cls_score.weight will not be loaded. Please double check and see if this is desired.
[2022-10-07 13:43:06,507] detectron2.checkpoint.c2_model_loading - INFO - Following weights matched with model:
| Names in Model                                  | Names in Checkpoint                                                                                  | Shapes                                          |
|:------------------------------------------------|:-----------------------------------------------------------------------------------------------------|:------------------------------------------------|
| backbone.bottom_up.res2.0.conv1.*               | backbone.bottom_up.res2.0.conv1.{norm.bias,norm.running_mean,norm.running_var,norm.weight,weight}    | (64,) (64,) (64,) (64,) (64,64,1,1)             |
| backbone.bottom_up.res2.0.conv2.*               | backbone.bottom_up.res2.0.conv2.{norm.bias,norm.running_mean,norm.running_var,norm.weight,weight}    | (64,) (64,) (64,) (64,) (64,64,3,3)             |
| backbone.bottom_up.res2.0.conv3.*               | backbone.bottom_up.res2.0.conv3.{norm.bias,norm.running_mean,norm.running_var,norm.weight,weight}    | (256,) (256,) (256,) (256,) (256,64,1,1)        |
| backbone.bottom_up.res2.0.shortcut.*            | backbone.bottom_up.res2.0.shortcut.{norm.bias,norm.running_mean,norm.running_var,norm.weight,weight} | (256,) (256,) (256,) (256,) (256,64,1,1)        |
| backbone.bottom_up.res2.1.conv1.*               | backbone.bottom_up.res2.1.conv1.{norm.bias,norm.running_mean,norm.running_var,norm.weight,weight}    | (64,) (64,) (64,) (64,) (64,256,1,1)            |
| backbone.bottom_up.res2.1.conv2.*               | backbone.bottom_up.res2.1.conv2.{norm.bias,norm.running_mean,norm.running_var,norm.weight,weight}    | (64,) (64,) (64,) (64,) (64,64,3,3)             |
| backbone.bottom_up.res2.1.conv3.*               | backbone.bottom_up.res2.1.conv3.{norm.bias,norm.running_mean,norm.running_var,norm.weight,weight}    | (256,) (256,) (256,) (256,) (256,64,1,1)        |
| backbone.bottom_up.res2.2.conv1.*               | backbone.bottom_up.res2.2.conv1.{norm.bias,norm.running_mean,norm.running_var,norm.weight,weight}    | (64,) (64,) (64,) (64,) (64,256,1,1)            |
| backbone.bottom_up.res2.2.conv2.*               | backbone.bottom_up.res2.2.conv2.{norm.bias,norm.running_mean,norm.running_var,norm.weight,weight}    | (64,) (64,) (64,) (64,) (64,64,3,3)             |
| backbone.bottom_up.res2.2.conv3.*               | backbone.bottom_up.res2.2.conv3.{norm.bias,norm.running_mean,norm.running_var,norm.weight,weight}    | (256,) (256,) (256,) (256,) (256,64,1,1)        |
| backbone.bottom_up.res3.0.conv1.*               | backbone.bottom_up.res3.0.conv1.{norm.bias,norm.running_mean,norm.running_var,norm.weight,weight}    | (128,) (128,) (128,) (128,) (128,256,1,1)       |
| backbone.bottom_up.res3.0.conv2.*               | backbone.bottom_up.res3.0.conv2.{norm.bias,norm.running_mean,norm.running_var,norm.weight,weight}    | (128,) (128,) (128,) (128,) (128,128,3,3)       |
| backbone.bottom_up.res3.0.conv3.*               | backbone.bottom_up.res3.0.conv3.{norm.bias,norm.running_mean,norm.running_var,norm.weight,weight}    | (512,) (512,) (512,) (512,) (512,128,1,1)       |
| backbone.bottom_up.res3.0.shortcut.*            | backbone.bottom_up.res3.0.shortcut.{norm.bias,norm.running_mean,norm.running_var,norm.weight,weight} | (512,) (512,) (512,) (512,) (512,256,1,1)       |
| backbone.bottom_up.res3.1.conv1.*               | backbone.bottom_up.res3.1.conv1.{norm.bias,norm.running_mean,norm.running_var,norm.weight,weight}    | (128,) (128,) (128,) (128,) (128,512,1,1)       |
| backbone.bottom_up.res3.1.conv2.*               | backbone.bottom_up.res3.1.conv2.{norm.bias,norm.running_mean,norm.running_var,norm.weight,weight}    | (128,) (128,) (128,) (128,) (128,128,3,3)       |
| backbone.bottom_up.res3.1.conv3.*               | backbone.bottom_up.res3.1.conv3.{norm.bias,norm.running_mean,norm.running_var,norm.weight,weight}    | (512,) (512,) (512,) (512,) (512,128,1,1)       |
| backbone.bottom_up.res3.2.conv1.*               | backbone.bottom_up.res3.2.conv1.{norm.bias,norm.running_mean,norm.running_var,norm.weight,weight}    | (128,) (128,) (128,) (128,) (128,512,1,1)       |
| backbone.bottom_up.res3.2.conv2.*               | backbone.bottom_up.res3.2.conv2.{norm.bias,norm.running_mean,norm.running_var,norm.weight,weight}    | (128,) (128,) (128,) (128,) (128,128,3,3)       |
| backbone.bottom_up.res3.2.conv3.*               | backbone.bottom_up.res3.2.conv3.{norm.bias,norm.running_mean,norm.running_var,norm.weight,weight}    | (512,) (512,) (512,) (512,) (512,128,1,1)       |
| backbone.bottom_up.res3.3.conv1.*               | backbone.bottom_up.res3.3.conv1.{norm.bias,norm.running_mean,norm.running_var,norm.weight,weight}    | (128,) (128,) (128,) (128,) (128,512,1,1)       |
| backbone.bottom_up.res3.3.conv2.*               | backbone.bottom_up.res3.3.conv2.{norm.bias,norm.running_mean,norm.running_var,norm.weight,weight}    | (128,) (128,) (128,) (128,) (128,128,3,3)       |
| backbone.bottom_up.res3.3.conv3.*               | backbone.bottom_up.res3.3.conv3.{norm.bias,norm.running_mean,norm.running_var,norm.weight,weight}    | (512,) (512,) (512,) (512,) (512,128,1,1)       |
| backbone.bottom_up.res4.0.conv1.*               | backbone.bottom_up.res4.0.conv1.{norm.bias,norm.running_mean,norm.running_var,norm.weight,weight}    | (256,) (256,) (256,) (256,) (256,512,1,1)       |
| backbone.bottom_up.res4.0.conv2.*               | backbone.bottom_up.res4.0.conv2.{norm.bias,norm.running_mean,norm.running_var,norm.weight,weight}    | (256,) (256,) (256,) (256,) (256,256,3,3)       |
| backbone.bottom_up.res4.0.conv3.*               | backbone.bottom_up.res4.0.conv3.{norm.bias,norm.running_mean,norm.running_var,norm.weight,weight}    | (1024,) (1024,) (1024,) (1024,) (1024,256,1,1)  |
| backbone.bottom_up.res4.0.shortcut.*            | backbone.bottom_up.res4.0.shortcut.{norm.bias,norm.running_mean,norm.running_var,norm.weight,weight} | (1024,) (1024,) (1024,) (1024,) (1024,512,1,1)  |
| backbone.bottom_up.res4.1.conv1.*               | backbone.bottom_up.res4.1.conv1.{norm.bias,norm.running_mean,norm.running_var,norm.weight,weight}    | (256,) (256,) (256,) (256,) (256,1024,1,1)      |
| backbone.bottom_up.res4.1.conv2.*               | backbone.bottom_up.res4.1.conv2.{norm.bias,norm.running_mean,norm.running_var,norm.weight,weight}    | (256,) (256,) (256,) (256,) (256,256,3,3)       |
| backbone.bottom_up.res4.1.conv3.*               | backbone.bottom_up.res4.1.conv3.{norm.bias,norm.running_mean,norm.running_var,norm.weight,weight}    | (1024,) (1024,) (1024,) (1024,) (1024,256,1,1)  |
| backbone.bottom_up.res4.2.conv1.*               | backbone.bottom_up.res4.2.conv1.{norm.bias,norm.running_mean,norm.running_var,norm.weight,weight}    | (256,) (256,) (256,) (256,) (256,1024,1,1)      |
| backbone.bottom_up.res4.2.conv2.*               | backbone.bottom_up.res4.2.conv2.{norm.bias,norm.running_mean,norm.running_var,norm.weight,weight}    | (256,) (256,) (256,) (256,) (256,256,3,3)       |
| backbone.bottom_up.res4.2.conv3.*               | backbone.bottom_up.res4.2.conv3.{norm.bias,norm.running_mean,norm.running_var,norm.weight,weight}    | (1024,) (1024,) (1024,) (1024,) (1024,256,1,1)  |
| backbone.bottom_up.res4.3.conv1.*               | backbone.bottom_up.res4.3.conv1.{norm.bias,norm.running_mean,norm.running_var,norm.weight,weight}    | (256,) (256,) (256,) (256,) (256,1024,1,1)      |
| backbone.bottom_up.res4.3.conv2.*               | backbone.bottom_up.res4.3.conv2.{norm.bias,norm.running_mean,norm.running_var,norm.weight,weight}    | (256,) (256,) (256,) (256,) (256,256,3,3)       |
| backbone.bottom_up.res4.3.conv3.*               | backbone.bottom_up.res4.3.conv3.{norm.bias,norm.running_mean,norm.running_var,norm.weight,weight}    | (1024,) (1024,) (1024,) (1024,) (1024,256,1,1)  |
| backbone.bottom_up.res4.4.conv1.*               | backbone.bottom_up.res4.4.conv1.{norm.bias,norm.running_mean,norm.running_var,norm.weight,weight}    | (256,) (256,) (256,) (256,) (256,1024,1,1)      |
| backbone.bottom_up.res4.4.conv2.*               | backbone.bottom_up.res4.4.conv2.{norm.bias,norm.running_mean,norm.running_var,norm.weight,weight}    | (256,) (256,) (256,) (256,) (256,256,3,3)       |
| backbone.bottom_up.res4.4.conv3.*               | backbone.bottom_up.res4.4.conv3.{norm.bias,norm.running_mean,norm.running_var,norm.weight,weight}    | (1024,) (1024,) (1024,) (1024,) (1024,256,1,1)  |
| backbone.bottom_up.res4.5.conv1.*               | backbone.bottom_up.res4.5.conv1.{norm.bias,norm.running_mean,norm.running_var,norm.weight,weight}    | (256,) (256,) (256,) (256,) (256,1024,1,1)      |
| backbone.bottom_up.res4.5.conv2.*               | backbone.bottom_up.res4.5.conv2.{norm.bias,norm.running_mean,norm.running_var,norm.weight,weight}    | (256,) (256,) (256,) (256,) (256,256,3,3)       |
| backbone.bottom_up.res4.5.conv3.*               | backbone.bottom_up.res4.5.conv3.{norm.bias,norm.running_mean,norm.running_var,norm.weight,weight}    | (1024,) (1024,) (1024,) (1024,) (1024,256,1,1)  |
| backbone.bottom_up.res5.0.conv1.*               | backbone.bottom_up.res5.0.conv1.{norm.bias,norm.running_mean,norm.running_var,norm.weight,weight}    | (512,) (512,) (512,) (512,) (512,1024,1,1)      |
| backbone.bottom_up.res5.0.conv2.*               | backbone.bottom_up.res5.0.conv2.{norm.bias,norm.running_mean,norm.running_var,norm.weight,weight}    | (512,) (512,) (512,) (512,) (512,512,3,3)       |
| backbone.bottom_up.res5.0.conv3.*               | backbone.bottom_up.res5.0.conv3.{norm.bias,norm.running_mean,norm.running_var,norm.weight,weight}    | (2048,) (2048,) (2048,) (2048,) (2048,512,1,1)  |
| backbone.bottom_up.res5.0.shortcut.*            | backbone.bottom_up.res5.0.shortcut.{norm.bias,norm.running_mean,norm.running_var,norm.weight,weight} | (2048,) (2048,) (2048,) (2048,) (2048,1024,1,1) |
| backbone.bottom_up.res5.1.conv1.*               | backbone.bottom_up.res5.1.conv1.{norm.bias,norm.running_mean,norm.running_var,norm.weight,weight}    | (512,) (512,) (512,) (512,) (512,2048,1,1)      |
| backbone.bottom_up.res5.1.conv2.*               | backbone.bottom_up.res5.1.conv2.{norm.bias,norm.running_mean,norm.running_var,norm.weight,weight}    | (512,) (512,) (512,) (512,) (512,512,3,3)       |
| backbone.bottom_up.res5.1.conv3.*               | backbone.bottom_up.res5.1.conv3.{norm.bias,norm.running_mean,norm.running_var,norm.weight,weight}    | (2048,) (2048,) (2048,) (2048,) (2048,512,1,1)  |
| backbone.bottom_up.res5.2.conv1.*               | backbone.bottom_up.res5.2.conv1.{norm.bias,norm.running_mean,norm.running_var,norm.weight,weight}    | (512,) (512,) (512,) (512,) (512,2048,1,1)      |
| backbone.bottom_up.res5.2.conv2.*               | backbone.bottom_up.res5.2.conv2.{norm.bias,norm.running_mean,norm.running_var,norm.weight,weight}    | (512,) (512,) (512,) (512,) (512,512,3,3)       |
| backbone.bottom_up.res5.2.conv3.*               | backbone.bottom_up.res5.2.conv3.{norm.bias,norm.running_mean,norm.running_var,norm.weight,weight}    | (2048,) (2048,) (2048,) (2048,) (2048,512,1,1)  |
| backbone.bottom_up.stem.conv1.*                 | backbone.bottom_up.stem.conv1.{norm.bias,norm.running_mean,norm.running_var,norm.weight,weight}      | (64,) (64,) (64,) (64,) (64,3,7,7)              |
| backbone.fpn_lateral2.*                         | backbone.fpn_lateral2.{bias,weight}                                                                  | (256,) (256,256,1,1)                            |
| backbone.fpn_lateral3.*                         | backbone.fpn_lateral3.{bias,weight}                                                                  | (256,) (256,512,1,1)                            |
| backbone.fpn_lateral4.*                         | backbone.fpn_lateral4.{bias,weight}                                                                  | (256,) (256,1024,1,1)                           |
| backbone.fpn_lateral5.*                         | backbone.fpn_lateral5.{bias,weight}                                                                  | (256,) (256,2048,1,1)                           |
| backbone.fpn_output2.*                          | backbone.fpn_output2.{bias,weight}                                                                   | (256,) (256,256,3,3)                            |
| backbone.fpn_output3.*                          | backbone.fpn_output3.{bias,weight}                                                                   | (256,) (256,256,3,3)                            |
| backbone.fpn_output4.*                          | backbone.fpn_output4.{bias,weight}                                                                   | (256,) (256,256,3,3)                            |
| backbone.fpn_output5.*                          | backbone.fpn_output5.{bias,weight}                                                                   | (256,) (256,256,3,3)                            |
| proposal_generator.rpn_head.anchor_deltas.*     | proposal_generator.rpn_head.anchor_deltas.{bias,weight}                                              | (12,) (12,256,1,1)                              |
| proposal_generator.rpn_head.conv.*              | proposal_generator.rpn_head.conv.{bias,weight}                                                       | (256,) (256,256,3,3)                            |
| proposal_generator.rpn_head.objectness_logits.* | proposal_generator.rpn_head.objectness_logits.{bias,weight}                                          | (3,) (3,256,1,1)                                |
| roi_heads.box_head.fc1.*                        | roi_heads.box_head.fc1.{bias,weight}                                                                 | (1024,) (1024,12544)                            |
| roi_heads.box_head.fc2.*                        | roi_heads.box_head.fc2.{bias,weight}                                                                 | (1024,) (1024,1024)                             |
[2022-10-07 13:43:06,599] fvcore.common.checkpoint - WARNING - Skip loading parameter 'roi_heads.box_predictor.bbox_pred.bias' to the model due to incompatible shapes: (48,) in the checkpoint but (56,) in the model! You might want to double check if this is expected.
[2022-10-07 13:43:06,599] fvcore.common.checkpoint - WARNING - Skip loading parameter 'roi_heads.box_predictor.bbox_pred.weight' to the model due to incompatible shapes: (48, 1024) in the checkpoint but (56, 1024) in the model! You might want to double check if this is expected.
[2022-10-07 13:43:06,599] fvcore.common.checkpoint - WARNING - Skip loading parameter 'roi_heads.box_predictor.cls_score.bias' to the model due to incompatible shapes: (13,) in the checkpoint but (15,) in the model! You might want to double check if this is expected.
[2022-10-07 13:43:06,600] fvcore.common.checkpoint - WARNING - Skip loading parameter 'roi_heads.box_predictor.cls_score.weight' to the model due to incompatible shapes: (13, 1024) in the checkpoint but (15, 1024) in the model! You might want to double check if this is expected.
[2022-10-07 13:43:06,606] fvcore.common.checkpoint - WARNING - Some model parameters or buffers are not found in the checkpoint:
[34mroi_heads.box_predictor.bbox_pred.{bias, weight}[0m
[34mroi_heads.box_predictor.cls_score.{bias, weight}[0m
